<?xml version="1.0" encoding="UTF-8" ?>
<testsuite tests="3" failures="0" name="cucumber.Options.TestRunner" time="6.829" errors="0" skipped="0">
  <properties>
[...]
</properties>
  <testcase classname="Validating Place APIs" name="Verify place is added through addplace API #1" time="3.723"/>
  <testcase classname="Validating Place APIs" name="Verify place is added through addplace API #2" time="2.043"/>
  <testcase classname="Validating Place APIs" name="Verify deleteApi deletes existing place" time="1.063"/>
</testsuite>