<?xml version="1.0" encoding="UTF-8"?>
<testng-results ignored="0" total="1" passed="1" failed="0" skipped="0">
  <reporter-output>
  </reporter-output>
  <suite started-at="2022-05-26T22:31:43 PDT" name="Default suite" finished-at="2022-05-26T22:31:46 PDT" duration-ms="2594">
    <groups>
    </groups>
    <test started-at="2022-05-26T22:31:43 PDT" name="Default test" finished-at="2022-05-26T22:31:46 PDT" duration-ms="2594">
      <class name="DynamicJson">
        <test-method signature="addBook()[pri:0, instance:DynamicJson@dbf57b3]" started-at="2022-05-26T22:31:43 PDT" name="addBook" finished-at="2022-05-26T22:31:46 PDT" duration-ms="2572" status="PASS">
          <reporter-output>
          </reporter-output>
        </test-method> <!-- addBook -->
      </class> <!-- DynamicJson -->
    </test> <!-- Default test -->
  </suite> <!-- Default suite -->
</testng-results>
