<?xml version="1.0" encoding="UTF-8"?>
<!-- Generated by org.testng.reporters.JUnitXMLReporter -->
<testsuite ignored="0" hostname="DESKTOP-GPFO883" failures="0" tests="4" name="Default test" time="3.631" errors="0" timestamp="2022-05-26T21:41:44 PDT">
  <testcase classname="DynamicJson" name="addBook" time="1.844"/>
  <testcase classname="DynamicJson" name="addBook" time="0.59"/>
  <testcase classname="DynamicJson" name="addBook" time="0.593"/>
  <testcase classname="DynamicJson" name="addBook" time="0.573"/>
</testsuite> <!-- Default test -->
