<?xml version="1.0" encoding="UTF-8"?>
<testng-results ignored="0" total="4" passed="4" failed="0" skipped="0">
  <reporter-output>
  </reporter-output>
  <suite started-at="2022-05-26T21:41:40 PDT" name="Default suite" finished-at="2022-05-26T21:41:44 PDT" duration-ms="3631">
    <groups>
    </groups>
    <test started-at="2022-05-26T21:41:40 PDT" name="Default test" finished-at="2022-05-26T21:41:44 PDT" duration-ms="3631">
      <class name="DynamicJson">
        <test-method signature="addBook(java.lang.String,java.lang.String,java.lang.String,java.lang.String)[pri:0, instance:DynamicJson@1dde4cb2]" started-at="2022-05-26T21:41:40 PDT" name="addBook" data-provider="BookData" finished-at="2022-05-26T21:41:42 PDT" duration-ms="1844" status="PASS">
          <params>
            <param index="0">
              <value>
                <![CDATA[Book 1]]>
              </value>
            </param>
            <param index="1">
              <value>
                <![CDATA[Isbn1]]>
              </value>
            </param>
            <param index="2">
              <value>
                <![CDATA[ANo1]]>
              </value>
            </param>
            <param index="3">
              <value>
                <![CDATA[Anon]]>
              </value>
            </param>
          </params>
          <reporter-output>
          </reporter-output>
        </test-method> <!-- addBook -->
        <test-method signature="addBook(java.lang.String,java.lang.String,java.lang.String,java.lang.String)[pri:0, instance:DynamicJson@1dde4cb2]" started-at="2022-05-26T21:41:42 PDT" name="addBook" data-provider="BookData" finished-at="2022-05-26T21:41:43 PDT" duration-ms="590" status="PASS">
          <params>
            <param index="0">
              <value>
                <![CDATA[Book 2]]>
              </value>
            </param>
            <param index="1">
              <value>
                <![CDATA[Isbn2]]>
              </value>
            </param>
            <param index="2">
              <value>
                <![CDATA[ANo2]]>
              </value>
            </param>
            <param index="3">
              <value>
                <![CDATA[Anon]]>
              </value>
            </param>
          </params>
          <reporter-output>
          </reporter-output>
        </test-method> <!-- addBook -->
        <test-method signature="addBook(java.lang.String,java.lang.String,java.lang.String,java.lang.String)[pri:0, instance:DynamicJson@1dde4cb2]" started-at="2022-05-26T21:41:43 PDT" name="addBook" data-provider="BookData" finished-at="2022-05-26T21:41:43 PDT" duration-ms="593" status="PASS">
          <params>
            <param index="0">
              <value>
                <![CDATA[Book 3]]>
              </value>
            </param>
            <param index="1">
              <value>
                <![CDATA[Isbn3]]>
              </value>
            </param>
            <param index="2">
              <value>
                <![CDATA[ANo3]]>
              </value>
            </param>
            <param index="3">
              <value>
                <![CDATA[Anon]]>
              </value>
            </param>
          </params>
          <reporter-output>
          </reporter-output>
        </test-method> <!-- addBook -->
        <test-method signature="addBook(java.lang.String,java.lang.String,java.lang.String,java.lang.String)[pri:0, instance:DynamicJson@1dde4cb2]" started-at="2022-05-26T21:41:43 PDT" name="addBook" data-provider="BookData" finished-at="2022-05-26T21:41:44 PDT" duration-ms="573" status="PASS">
          <params>
            <param index="0">
              <value>
                <![CDATA[Book 4]]>
              </value>
            </param>
            <param index="1">
              <value>
                <![CDATA[Isbn4]]>
              </value>
            </param>
            <param index="2">
              <value>
                <![CDATA[ANo4]]>
              </value>
            </param>
            <param index="3">
              <value>
                <![CDATA[Anon]]>
              </value>
            </param>
          </params>
          <reporter-output>
          </reporter-output>
        </test-method> <!-- addBook -->
      </class> <!-- DynamicJson -->
    </test> <!-- Default test -->
  </suite> <!-- Default suite -->
</testng-results>
